2025/03/14 17:04:09 [notice] 1#1: using the "epoll" event method
2025/03/14 17:04:09 [notice] 1#1: nginx/1.27.4
2025/03/14 17:04:09 [notice] 1#1: built by gcc 12.2.0 (Debian 12.2.0-14) 
2025/03/14 17:04:09 [notice] 1#1: OS: Linux 6.12.5-linuxkit
2025/03/14 17:04:09 [notice] 1#1: getrlimit(RLIMIT_NOFILE): 1048576:1048576
2025/03/14 17:04:09 [notice] 1#1: start worker processes
2025/03/14 17:04:09 [notice] 1#1: start worker process 28
2025/03/14 17:04:09 [notice] 1#1: start worker process 29
2025/03/14 17:04:09 [notice] 1#1: start worker process 30
2025/03/14 17:04:09 [notice] 1#1: start worker process 31
2025/03/14 17:04:09 [notice] 1#1: start worker process 32
2025/03/14 17:04:09 [notice] 1#1: start worker process 33
2025/03/14 17:04:09 [notice] 1#1: start worker process 34
2025/03/14 17:04:09 [notice] 1#1: start worker process 35
2025/03/14 17:04:09 [notice] 1#1: start worker process 36
2025/03/14 17:04:09 [notice] 1#1: start worker process 37
2025/03/14 17:08:48 [notice] 1#1: signal 3 (SIGQUIT) received, shutting down
2025/03/14 17:08:48 [notice] 28#28: gracefully shutting down
2025/03/14 17:08:48 [notice] 32#32: gracefully shutting down
2025/03/14 17:08:48 [notice] 29#29: gracefully shutting down
2025/03/14 17:08:48 [notice] 30#30: gracefully shutting down
2025/03/14 17:08:48 [notice] 29#29: exiting
2025/03/14 17:08:48 [notice] 33#33: gracefully shutting down
2025/03/14 17:08:48 [notice] 34#34: gracefully shutting down
2025/03/14 17:08:48 [notice] 36#36: gracefully shutting down
2025/03/14 17:08:48 [notice] 35#35: gracefully shutting down
2025/03/14 17:08:48 [notice] 28#28: exiting
2025/03/14 17:08:48 [notice] 32#32: exiting
2025/03/14 17:08:48 [notice] 31#31: gracefully shutting down
2025/03/14 17:08:48 [notice] 32#32: exit
2025/03/14 17:08:48 [notice] 37#37: gracefully shutting down
2025/03/14 17:08:48 [notice] 30#30: exiting
2025/03/14 17:08:48 [notice] 33#33: exiting
2025/03/14 17:08:48 [notice] 30#30: exit
2025/03/14 17:08:48 [notice] 34#34: exiting
2025/03/14 17:08:48 [notice] 29#29: exit
2025/03/14 17:08:48 [notice] 36#36: exiting
2025/03/14 17:08:48 [notice] 36#36: exit
2025/03/14 17:08:48 [notice] 35#35: exiting
2025/03/14 17:08:48 [notice] 28#28: exit
2025/03/14 17:08:48 [notice] 31#31: exiting
2025/03/14 17:08:48 [notice] 37#37: exiting
2025/03/14 17:08:48 [notice] 33#33: exit
2025/03/14 17:08:48 [notice] 34#34: exit
2025/03/14 17:08:48 [notice] 35#35: exit
2025/03/14 17:08:48 [notice] 31#31: exit
2025/03/14 17:08:48 [notice] 37#37: exit
2025/03/14 17:08:48 [notice] 1#1: signal 17 (SIGCHLD) received from 29
2025/03/14 17:08:48 [notice] 1#1: worker process 28 exited with code 0
2025/03/14 17:08:48 [notice] 1#1: worker process 29 exited with code 0
2025/03/14 17:08:48 [notice] 1#1: worker process 30 exited with code 0
2025/03/14 17:08:48 [notice] 1#1: worker process 33 exited with code 0
2025/03/14 17:08:48 [notice] 1#1: worker process 35 exited with code 0
2025/03/14 17:08:48 [notice] 1#1: signal 29 (SIGIO) received
2025/03/14 17:08:48 [notice] 1#1: signal 17 (SIGCHLD) received from 33
2025/03/14 17:08:49 [notice] 1#1: signal 17 (SIGCHLD) received from 36
2025/03/14 17:08:49 [notice] 1#1: worker process 31 exited with code 0
2025/03/14 17:08:49 [notice] 1#1: worker process 32 exited with code 0
2025/03/14 17:08:49 [notice] 1#1: worker process 34 exited with code 0
2025/03/14 17:08:49 [notice] 1#1: worker process 36 exited with code 0
2025/03/14 17:08:49 [notice] 1#1: worker process 37 exited with code 0
2025/03/14 17:08:49 [notice] 1#1: exit
2025/03/14 17:32:23 [notice] 1#1: using the "epoll" event method
2025/03/14 17:32:23 [notice] 1#1: nginx/1.27.4
2025/03/14 17:32:23 [notice] 1#1: built by gcc 12.2.0 (Debian 12.2.0-14) 
2025/03/14 17:32:23 [notice] 1#1: OS: Linux 6.12.5-linuxkit
2025/03/14 17:32:23 [notice] 1#1: getrlimit(RLIMIT_NOFILE): 1048576:1048576
2025/03/14 17:32:23 [notice] 1#1: start worker processes
2025/03/14 17:32:23 [notice] 1#1: start worker process 28
2025/03/14 17:32:23 [notice] 1#1: start worker process 29
2025/03/14 17:32:23 [notice] 1#1: start worker process 30
2025/03/14 17:32:23 [notice] 1#1: start worker process 31
2025/03/14 17:32:23 [notice] 1#1: start worker process 32
2025/03/14 17:32:23 [notice] 1#1: start worker process 33
2025/03/14 17:32:23 [notice] 1#1: start worker process 34
2025/03/14 17:32:23 [notice] 1#1: start worker process 35
2025/03/14 17:32:23 [notice] 1#1: start worker process 36
2025/03/14 17:32:23 [notice] 1#1: start worker process 37
2025/03/16 18:41:15 [notice] 1#1: signal 3 (SIGQUIT) received, shutting down
2025/03/16 18:41:15 [notice] 29#29: gracefully shutting down
2025/03/16 18:41:15 [notice] 28#28: gracefully shutting down
2025/03/16 18:41:15 [notice] 34#34: gracefully shutting down
2025/03/16 18:41:15 [notice] 31#31: gracefully shutting down
2025/03/16 18:41:15 [notice] 30#30: gracefully shutting down
2025/03/16 18:41:15 [notice] 33#33: gracefully shutting down
2025/03/16 18:41:15 [notice] 30#30: exiting
2025/03/16 18:41:15 [notice] 32#32: gracefully shutting down
2025/03/16 18:41:15 [notice] 35#35: gracefully shutting down
2025/03/16 18:41:15 [notice] 29#29: exiting
2025/03/16 18:41:15 [notice] 36#36: gracefully shutting down
2025/03/16 18:41:15 [notice] 37#37: gracefully shutting down
2025/03/16 18:41:15 [notice] 28#28: exiting
2025/03/16 18:41:15 [notice] 34#34: exiting
2025/03/16 18:41:15 [notice] 35#35: exiting
2025/03/16 18:41:15 [notice] 31#31: exiting
2025/03/16 18:41:15 [notice] 33#33: exiting
2025/03/16 18:41:15 [notice] 32#32: exiting
2025/03/16 18:41:15 [notice] 30#30: exit
2025/03/16 18:41:15 [notice] 36#36: exiting
2025/03/16 18:41:15 [notice] 37#37: exiting
2025/03/16 18:41:15 [notice] 29#29: exit
2025/03/16 18:41:15 [notice] 37#37: exit
2025/03/16 18:41:15 [notice] 34#34: exit
2025/03/16 18:41:15 [notice] 28#28: exit
2025/03/16 18:41:15 [notice] 35#35: exit
2025/03/16 18:41:15 [notice] 31#31: exit
2025/03/16 18:41:15 [notice] 33#33: exit
2025/03/16 18:41:15 [notice] 32#32: exit
2025/03/16 18:41:15 [notice] 36#36: exit
2025/03/16 18:41:16 [notice] 1#1: signal 17 (SIGCHLD) received from 35
2025/03/16 18:41:16 [notice] 1#1: worker process 30 exited with code 0
2025/03/16 18:41:16 [notice] 1#1: worker process 31 exited with code 0
2025/03/16 18:41:16 [notice] 1#1: worker process 35 exited with code 0
2025/03/16 18:41:16 [notice] 1#1: worker process 36 exited with code 0
2025/03/16 18:41:16 [notice] 1#1: signal 29 (SIGIO) received
2025/03/16 18:41:16 [notice] 1#1: signal 17 (SIGCHLD) received from 36
2025/03/16 18:41:16 [notice] 1#1: signal 17 (SIGCHLD) received from 32
2025/03/16 18:41:16 [notice] 1#1: worker process 28 exited with code 0
2025/03/16 18:41:16 [notice] 1#1: worker process 29 exited with code 0
2025/03/16 18:41:16 [notice] 1#1: worker process 32 exited with code 0
2025/03/16 18:41:16 [notice] 1#1: worker process 33 exited with code 0
2025/03/16 18:41:16 [notice] 1#1: worker process 34 exited with code 0
2025/03/16 18:41:16 [notice] 1#1: worker process 37 exited with code 0
2025/03/16 18:41:16 [notice] 1#1: exit
2025/03/17 06:28:43 [notice] 1#1: using the "epoll" event method
2025/03/17 06:28:43 [notice] 1#1: nginx/1.27.4
2025/03/17 06:28:43 [notice] 1#1: built by gcc 12.2.0 (Debian 12.2.0-14) 
2025/03/17 06:28:43 [notice] 1#1: OS: Linux 6.12.5-linuxkit
2025/03/17 06:28:43 [notice] 1#1: getrlimit(RLIMIT_NOFILE): 1048576:1048576
2025/03/17 06:28:43 [notice] 1#1: start worker processes
2025/03/17 06:28:43 [notice] 1#1: start worker process 28
2025/03/17 06:28:43 [notice] 1#1: start worker process 29
2025/03/17 06:28:43 [notice] 1#1: start worker process 30
2025/03/17 06:28:43 [notice] 1#1: start worker process 31
2025/03/17 06:28:43 [notice] 1#1: start worker process 32
2025/03/17 06:28:43 [notice] 1#1: start worker process 33
2025/03/17 06:28:43 [notice] 1#1: start worker process 34
2025/03/17 06:28:43 [notice] 1#1: start worker process 35
2025/03/17 06:28:43 [notice] 1#1: start worker process 36
2025/03/17 06:28:43 [notice] 1#1: start worker process 37
2025/03/17 06:56:07 [notice] 1#1: signal 3 (SIGQUIT) received, shutting down
2025/03/17 06:56:07 [notice] 28#28: gracefully shutting down
2025/03/17 06:56:07 [notice] 31#31: gracefully shutting down
2025/03/17 06:56:07 [notice] 30#30: gracefully shutting down
2025/03/17 06:56:07 [notice] 31#31: exiting
2025/03/17 06:56:07 [notice] 29#29: gracefully shutting down
2025/03/17 06:56:07 [notice] 37#37: gracefully shutting down
2025/03/17 06:56:07 [notice] 28#28: exiting
2025/03/17 06:56:07 [notice] 37#37: exiting
2025/03/17 06:56:07 [notice] 33#33: gracefully shutting down
2025/03/17 06:56:07 [notice] 35#35: gracefully shutting down
2025/03/17 06:56:07 [notice] 34#34: gracefully shutting down
2025/03/17 06:56:07 [notice] 33#33: exiting
2025/03/17 06:56:07 [notice] 32#32: gracefully shutting down
2025/03/17 06:56:07 [notice] 36#36: gracefully shutting down
2025/03/17 06:56:07 [notice] 30#30: exiting
2025/03/17 06:56:07 [notice] 29#29: exiting
2025/03/17 06:56:07 [notice] 31#31: exit
2025/03/17 06:56:07 [notice] 28#28: exit
2025/03/17 06:56:07 [notice] 37#37: exit
2025/03/17 06:56:07 [notice] 35#35: exiting
2025/03/17 06:56:07 [notice] 33#33: exit
2025/03/17 06:56:07 [notice] 35#35: exit
2025/03/17 06:56:07 [notice] 34#34: exiting
2025/03/17 06:56:07 [notice] 32#32: exiting
2025/03/17 06:56:07 [notice] 30#30: exit
2025/03/17 06:56:07 [notice] 32#32: exit
2025/03/17 06:56:07 [notice] 36#36: exiting
2025/03/17 06:56:07 [notice] 29#29: exit
2025/03/17 06:56:07 [notice] 34#34: exit
2025/03/17 06:56:07 [notice] 36#36: exit
2025/03/17 06:56:07 [notice] 1#1: signal 17 (SIGCHLD) received from 31
2025/03/17 06:56:07 [notice] 1#1: worker process 31 exited with code 0
2025/03/17 06:56:07 [notice] 1#1: signal 29 (SIGIO) received
2025/03/17 06:56:07 [notice] 1#1: signal 17 (SIGCHLD) received from 35
2025/03/17 06:56:07 [notice] 1#1: worker process 35 exited with code 0
2025/03/17 06:56:07 [notice] 1#1: signal 29 (SIGIO) received
2025/03/17 06:56:07 [notice] 1#1: signal 17 (SIGCHLD) received from 36
2025/03/17 06:56:07 [notice] 1#1: worker process 28 exited with code 0
2025/03/17 06:56:07 [notice] 1#1: worker process 29 exited with code 0
2025/03/17 06:56:07 [notice] 1#1: worker process 30 exited with code 0
2025/03/17 06:56:07 [notice] 1#1: worker process 32 exited with code 0
2025/03/17 06:56:07 [notice] 1#1: worker process 33 exited with code 0
2025/03/17 06:56:07 [notice] 1#1: worker process 34 exited with code 0
2025/03/17 06:56:07 [notice] 1#1: worker process 36 exited with code 0
2025/03/17 06:56:07 [notice] 1#1: worker process 37 exited with code 0
2025/03/17 06:56:07 [notice] 1#1: exit
2025/03/17 06:56:17 [notice] 1#1: using the "epoll" event method
2025/03/17 06:56:17 [notice] 1#1: nginx/1.27.4
2025/03/17 06:56:17 [notice] 1#1: built by gcc 12.2.0 (Debian 12.2.0-14) 
2025/03/17 06:56:17 [notice] 1#1: OS: Linux 6.12.5-linuxkit
2025/03/17 06:56:17 [notice] 1#1: getrlimit(RLIMIT_NOFILE): 1048576:1048576
2025/03/17 06:56:17 [notice] 1#1: start worker processes
2025/03/17 06:56:17 [notice] 1#1: start worker process 28
2025/03/17 06:56:17 [notice] 1#1: start worker process 29
2025/03/17 06:56:17 [notice] 1#1: start worker process 30
2025/03/17 06:56:17 [notice] 1#1: start worker process 31
2025/03/17 06:56:17 [notice] 1#1: start worker process 32
2025/03/17 06:56:17 [notice] 1#1: start worker process 33
2025/03/17 06:56:17 [notice] 1#1: start worker process 34
2025/03/17 06:56:17 [notice] 1#1: start worker process 35
2025/03/17 06:56:17 [notice] 1#1: start worker process 36
2025/03/17 06:56:17 [notice] 1#1: start worker process 37
2025/03/17 07:00:17 [notice] 1#1: signal 3 (SIGQUIT) received, shutting down
2025/03/17 07:00:17 [notice] 28#28: gracefully shutting down
2025/03/17 07:00:17 [notice] 29#29: gracefully shutting down
2025/03/17 07:00:17 [notice] 28#28: exiting
2025/03/17 07:00:17 [notice] 30#30: gracefully shutting down
2025/03/17 07:00:17 [notice] 31#31: gracefully shutting down
2025/03/17 07:00:17 [notice] 28#28: exit
2025/03/17 07:00:17 [notice] 35#35: gracefully shutting down
2025/03/17 07:00:17 [notice] 33#33: gracefully shutting down
2025/03/17 07:00:17 [notice] 34#34: gracefully shutting down
2025/03/17 07:00:17 [notice] 32#32: gracefully shutting down
2025/03/17 07:00:17 [notice] 37#37: gracefully shutting down
2025/03/17 07:00:17 [notice] 35#35: exiting
2025/03/17 07:00:17 [notice] 36#36: gracefully shutting down
2025/03/17 07:00:17 [notice] 29#29: exiting
2025/03/17 07:00:17 [notice] 30#30: exiting
2025/03/17 07:00:17 [notice] 31#31: exiting
2025/03/17 07:00:17 [notice] 33#33: exiting
2025/03/17 07:00:17 [notice] 34#34: exiting
2025/03/17 07:00:17 [notice] 32#32: exiting
2025/03/17 07:00:17 [notice] 34#34: exit
2025/03/17 07:00:17 [notice] 37#37: exiting
2025/03/17 07:00:17 [notice] 35#35: exit
2025/03/17 07:00:17 [notice] 37#37: exit
2025/03/17 07:00:17 [notice] 29#29: exit
2025/03/17 07:00:17 [notice] 30#30: exit
2025/03/17 07:00:17 [notice] 36#36: exiting
2025/03/17 07:00:17 [notice] 31#31: exit
2025/03/17 07:00:17 [notice] 33#33: exit
2025/03/17 07:00:17 [notice] 32#32: exit
2025/03/17 07:00:17 [notice] 36#36: exit
2025/03/17 07:00:18 [notice] 1#1: signal 17 (SIGCHLD) received from 28
2025/03/17 07:00:18 [notice] 1#1: worker process 28 exited with code 0
2025/03/17 07:00:18 [notice] 1#1: worker process 33 exited with code 0
2025/03/17 07:00:18 [notice] 1#1: worker process 34 exited with code 0
2025/03/17 07:00:18 [notice] 1#1: worker process 35 exited with code 0
2025/03/17 07:00:18 [notice] 1#1: worker process 37 exited with code 0
2025/03/17 07:00:18 [notice] 1#1: signal 29 (SIGIO) received
2025/03/17 07:00:18 [notice] 1#1: signal 17 (SIGCHLD) received from 35
2025/03/17 07:00:18 [notice] 1#1: signal 17 (SIGCHLD) received from 31
2025/03/17 07:00:18 [notice] 1#1: worker process 31 exited with code 0
2025/03/17 07:00:18 [notice] 1#1: signal 29 (SIGIO) received
2025/03/17 07:00:18 [notice] 1#1: signal 17 (SIGCHLD) received from 30
2025/03/17 07:00:18 [notice] 1#1: worker process 29 exited with code 0
2025/03/17 07:00:18 [notice] 1#1: worker process 30 exited with code 0
2025/03/17 07:00:18 [notice] 1#1: worker process 32 exited with code 0
2025/03/17 07:00:18 [notice] 1#1: worker process 36 exited with code 0
2025/03/17 07:00:18 [notice] 1#1: exit
2025/03/17 07:00:25 [notice] 1#1: using the "epoll" event method
2025/03/17 07:00:25 [notice] 1#1: nginx/1.27.4
2025/03/17 07:00:25 [notice] 1#1: built by gcc 12.2.0 (Debian 12.2.0-14) 
2025/03/17 07:00:25 [notice] 1#1: OS: Linux 6.12.5-linuxkit
2025/03/17 07:00:25 [notice] 1#1: getrlimit(RLIMIT_NOFILE): 1048576:1048576
2025/03/17 07:00:25 [notice] 1#1: start worker processes
2025/03/17 07:00:25 [notice] 1#1: start worker process 28
2025/03/17 07:00:25 [notice] 1#1: start worker process 29
2025/03/17 07:00:25 [notice] 1#1: start worker process 30
2025/03/17 07:00:25 [notice] 1#1: start worker process 31
2025/03/17 07:00:25 [notice] 1#1: start worker process 32
2025/03/17 07:00:25 [notice] 1#1: start worker process 33
2025/03/17 07:00:25 [notice] 1#1: start worker process 34
2025/03/17 07:00:25 [notice] 1#1: start worker process 35
2025/03/17 07:00:25 [notice] 1#1: start worker process 36
2025/03/17 07:00:25 [notice] 1#1: start worker process 37
2025/03/17 07:01:47 [notice] 1#1: signal 3 (SIGQUIT) received, shutting down
2025/03/17 07:01:47 [notice] 28#28: gracefully shutting down
2025/03/17 07:01:47 [notice] 28#28: exiting
2025/03/17 07:01:47 [notice] 29#29: gracefully shutting down
2025/03/17 07:01:47 [notice] 35#35: gracefully shutting down
2025/03/17 07:01:47 [notice] 34#34: gracefully shutting down
2025/03/17 07:01:47 [notice] 36#36: gracefully shutting down
2025/03/17 07:01:47 [notice] 30#30: gracefully shutting down
2025/03/17 07:01:47 [notice] 32#32: gracefully shutting down
2025/03/17 07:01:47 [notice] 33#33: gracefully shutting down
2025/03/17 07:01:47 [notice] 31#31: gracefully shutting down
2025/03/17 07:01:47 [notice] 37#37: gracefully shutting down
2025/03/17 07:01:47 [notice] 28#28: exit
2025/03/17 07:01:47 [notice] 29#29: exiting
2025/03/17 07:01:47 [notice] 35#35: exiting
2025/03/17 07:01:47 [notice] 34#34: exiting
2025/03/17 07:01:47 [notice] 35#35: exit
2025/03/17 07:01:47 [notice] 36#36: exiting
2025/03/17 07:01:47 [notice] 30#30: exiting
2025/03/17 07:01:47 [notice] 32#32: exiting
2025/03/17 07:01:47 [notice] 33#33: exiting
2025/03/17 07:01:47 [notice] 31#31: exiting
2025/03/17 07:01:47 [notice] 37#37: exiting
2025/03/17 07:01:47 [notice] 29#29: exit
2025/03/17 07:01:47 [notice] 34#34: exit
2025/03/17 07:01:47 [notice] 36#36: exit
2025/03/17 07:01:47 [notice] 30#30: exit
2025/03/17 07:01:47 [notice] 32#32: exit
2025/03/17 07:01:47 [notice] 33#33: exit
2025/03/17 07:01:47 [notice] 31#31: exit
2025/03/17 07:01:47 [notice] 37#37: exit
2025/03/17 07:01:47 [notice] 1#1: signal 17 (SIGCHLD) received from 29
2025/03/17 07:01:47 [notice] 1#1: worker process 29 exited with code 0
2025/03/17 07:01:47 [notice] 1#1: worker process 35 exited with code 0
2025/03/17 07:01:47 [notice] 1#1: worker process 36 exited with code 0
2025/03/17 07:01:47 [notice] 1#1: worker process 37 exited with code 0
2025/03/17 07:01:47 [notice] 1#1: signal 29 (SIGIO) received
2025/03/17 07:01:47 [notice] 1#1: signal 17 (SIGCHLD) received from 35
2025/03/17 07:01:47 [notice] 1#1: signal 17 (SIGCHLD) received from 34
2025/03/17 07:01:47 [notice] 1#1: worker process 28 exited with code 0
2025/03/17 07:01:47 [notice] 1#1: worker process 30 exited with code 0
2025/03/17 07:01:47 [notice] 1#1: worker process 31 exited with code 0
2025/03/17 07:01:47 [notice] 1#1: worker process 32 exited with code 0
2025/03/17 07:01:47 [notice] 1#1: worker process 33 exited with code 0
2025/03/17 07:01:47 [notice] 1#1: worker process 34 exited with code 0
2025/03/17 07:01:47 [notice] 1#1: exit
2025/03/17 07:01:54 [notice] 1#1: using the "epoll" event method
2025/03/17 07:01:54 [notice] 1#1: nginx/1.27.4
2025/03/17 07:01:54 [notice] 1#1: built by gcc 12.2.0 (Debian 12.2.0-14) 
2025/03/17 07:01:54 [notice] 1#1: OS: Linux 6.12.5-linuxkit
2025/03/17 07:01:54 [notice] 1#1: getrlimit(RLIMIT_NOFILE): 1048576:1048576
2025/03/17 07:01:54 [notice] 1#1: start worker processes
2025/03/17 07:01:54 [notice] 1#1: start worker process 28
2025/03/17 07:01:54 [notice] 1#1: start worker process 29
2025/03/17 07:01:54 [notice] 1#1: start worker process 30
2025/03/17 07:01:54 [notice] 1#1: start worker process 31
2025/03/17 07:01:54 [notice] 1#1: start worker process 32
2025/03/17 07:01:54 [notice] 1#1: start worker process 33
2025/03/17 07:01:54 [notice] 1#1: start worker process 34
2025/03/17 07:01:54 [notice] 1#1: start worker process 35
2025/03/17 07:01:54 [notice] 1#1: start worker process 36
2025/03/17 07:01:54 [notice] 1#1: start worker process 37
2025/03/17 07:04:34 [notice] 1#1: signal 3 (SIGQUIT) received, shutting down
2025/03/17 07:04:34 [notice] 31#31: gracefully shutting down
2025/03/17 07:04:34 [notice] 29#29: gracefully shutting down
2025/03/17 07:04:34 [notice] 33#33: gracefully shutting down
2025/03/17 07:04:34 [notice] 28#28: gracefully shutting down
2025/03/17 07:04:34 [notice] 30#30: gracefully shutting down
2025/03/17 07:04:34 [notice] 37#37: gracefully shutting down
2025/03/17 07:04:34 [notice] 32#32: gracefully shutting down
2025/03/17 07:04:34 [notice] 34#34: gracefully shutting down
2025/03/17 07:04:34 [notice] 31#31: exiting
2025/03/17 07:04:34 [notice] 35#35: gracefully shutting down
2025/03/17 07:04:34 [notice] 36#36: gracefully shutting down
2025/03/17 07:04:34 [notice] 29#29: exiting
2025/03/17 07:04:34 [notice] 36#36: exiting
2025/03/17 07:04:34 [notice] 33#33: exiting
2025/03/17 07:04:34 [notice] 28#28: exiting
2025/03/17 07:04:34 [notice] 33#33: exit
2025/03/17 07:04:34 [notice] 30#30: exiting
2025/03/17 07:04:34 [notice] 37#37: exiting
2025/03/17 07:04:34 [notice] 30#30: exit
2025/03/17 07:04:34 [notice] 32#32: exiting
2025/03/17 07:04:34 [notice] 34#34: exiting
2025/03/17 07:04:34 [notice] 32#32: exit
2025/03/17 07:04:34 [notice] 29#29: exit
2025/03/17 07:04:34 [notice] 31#31: exit
2025/03/17 07:04:34 [notice] 35#35: exiting
2025/03/17 07:04:34 [notice] 36#36: exit
2025/03/17 07:04:34 [notice] 28#28: exit
2025/03/17 07:04:34 [notice] 37#37: exit
2025/03/17 07:04:34 [notice] 34#34: exit
2025/03/17 07:04:34 [notice] 35#35: exit
2025/03/17 07:04:34 [notice] 1#1: signal 17 (SIGCHLD) received from 36
2025/03/17 07:04:34 [notice] 1#1: worker process 29 exited with code 0
2025/03/17 07:04:34 [notice] 1#1: worker process 31 exited with code 0
2025/03/17 07:04:34 [notice] 1#1: worker process 32 exited with code 0
2025/03/17 07:04:34 [notice] 1#1: worker process 33 exited with code 0
2025/03/17 07:04:34 [notice] 1#1: worker process 36 exited with code 0
2025/03/17 07:04:34 [notice] 1#1: signal 29 (SIGIO) received
2025/03/17 07:04:34 [notice] 1#1: signal 17 (SIGCHLD) received from 31
2025/03/17 07:04:34 [notice] 1#1: signal 17 (SIGCHLD) received from 34
2025/03/17 07:04:34 [notice] 1#1: worker process 28 exited with code 0
2025/03/17 07:04:34 [notice] 1#1: worker process 30 exited with code 0
2025/03/17 07:04:34 [notice] 1#1: worker process 34 exited with code 0
2025/03/17 07:04:34 [notice] 1#1: worker process 35 exited with code 0
2025/03/17 07:04:34 [notice] 1#1: worker process 37 exited with code 0
2025/03/17 07:04:34 [notice] 1#1: exit
2025/03/17 07:05:03 [notice] 1#1: using the "epoll" event method
2025/03/17 07:05:03 [notice] 1#1: nginx/1.27.4
2025/03/17 07:05:03 [notice] 1#1: built by gcc 12.2.0 (Debian 12.2.0-14) 
2025/03/17 07:05:03 [notice] 1#1: OS: Linux 6.12.5-linuxkit
2025/03/17 07:05:03 [notice] 1#1: getrlimit(RLIMIT_NOFILE): 1048576:1048576
2025/03/17 07:05:03 [notice] 1#1: start worker processes
2025/03/17 07:05:03 [notice] 1#1: start worker process 27
2025/03/17 07:05:03 [notice] 1#1: start worker process 28
2025/03/17 07:05:03 [notice] 1#1: start worker process 29
2025/03/17 07:05:03 [notice] 1#1: start worker process 30
2025/03/17 07:05:03 [notice] 1#1: start worker process 31
2025/03/17 07:05:03 [notice] 1#1: start worker process 32
2025/03/17 07:05:03 [notice] 1#1: start worker process 33
2025/03/17 07:05:03 [notice] 1#1: start worker process 34
2025/03/17 07:05:03 [notice] 1#1: start worker process 35
2025/03/17 07:05:03 [notice] 1#1: start worker process 36
2025/03/17 07:06:55 [notice] 1#1: signal 3 (SIGQUIT) received, shutting down
2025/03/17 07:06:55 [notice] 27#27: gracefully shutting down
2025/03/17 07:06:55 [notice] 34#34: gracefully shutting down
2025/03/17 07:06:55 [notice] 31#31: gracefully shutting down
2025/03/17 07:06:55 [notice] 32#32: gracefully shutting down
2025/03/17 07:06:55 [notice] 29#29: gracefully shutting down
2025/03/17 07:06:55 [notice] 33#33: gracefully shutting down
2025/03/17 07:06:55 [notice] 28#28: gracefully shutting down
2025/03/17 07:06:55 [notice] 30#30: gracefully shutting down
2025/03/17 07:06:55 [notice] 36#36: gracefully shutting down
2025/03/17 07:06:55 [notice] 35#35: gracefully shutting down
2025/03/17 07:06:55 [notice] 34#34: exiting
2025/03/17 07:06:55 [notice] 27#27: exiting
2025/03/17 07:06:55 [notice] 35#35: exiting
2025/03/17 07:06:55 [notice] 31#31: exiting
2025/03/17 07:06:55 [notice] 32#32: exiting
2025/03/17 07:06:55 [notice] 29#29: exiting
2025/03/17 07:06:55 [notice] 32#32: exit
2025/03/17 07:06:55 [notice] 33#33: exiting
2025/03/17 07:06:55 [notice] 28#28: exiting
2025/03/17 07:06:55 [notice] 30#30: exiting
2025/03/17 07:06:55 [notice] 28#28: exit
2025/03/17 07:06:55 [notice] 36#36: exiting
2025/03/17 07:06:55 [notice] 34#34: exit
2025/03/17 07:06:55 [notice] 36#36: exit
2025/03/17 07:06:55 [notice] 35#35: exit
2025/03/17 07:06:55 [notice] 27#27: exit
2025/03/17 07:06:55 [notice] 31#31: exit
2025/03/17 07:06:55 [notice] 29#29: exit
2025/03/17 07:06:55 [notice] 33#33: exit
2025/03/17 07:06:55 [notice] 30#30: exit
2025/03/17 07:06:55 [notice] 1#1: signal 17 (SIGCHLD) received from 32
2025/03/17 07:06:55 [notice] 1#1: worker process 27 exited with code 0
2025/03/17 07:06:55 [notice] 1#1: worker process 29 exited with code 0
2025/03/17 07:06:55 [notice] 1#1: worker process 32 exited with code 0
2025/03/17 07:06:55 [notice] 1#1: signal 29 (SIGIO) received
2025/03/17 07:06:55 [notice] 1#1: signal 17 (SIGCHLD) received from 27
2025/03/17 07:06:55 [notice] 1#1: signal 17 (SIGCHLD) received from 28
2025/03/17 07:06:55 [notice] 1#1: worker process 28 exited with code 0
2025/03/17 07:06:55 [notice] 1#1: signal 29 (SIGIO) received
2025/03/17 07:06:55 [notice] 1#1: signal 17 (SIGCHLD) received from 34
2025/03/17 07:06:55 [notice] 1#1: worker process 31 exited with code 0
2025/03/17 07:06:55 [notice] 1#1: worker process 30 exited with code 0
2025/03/17 07:06:55 [notice] 1#1: worker process 33 exited with code 0
2025/03/17 07:06:55 [notice] 1#1: worker process 34 exited with code 0
2025/03/17 07:06:55 [notice] 1#1: worker process 35 exited with code 0
2025/03/17 07:06:55 [notice] 1#1: worker process 36 exited with code 0
2025/03/17 07:06:55 [notice] 1#1: exit
2025/03/17 07:07:04 [notice] 1#1: using the "epoll" event method
2025/03/17 07:07:04 [notice] 1#1: nginx/1.27.4
2025/03/17 07:07:04 [notice] 1#1: built by gcc 12.2.0 (Debian 12.2.0-14) 
2025/03/17 07:07:04 [notice] 1#1: OS: Linux 6.12.5-linuxkit
2025/03/17 07:07:04 [notice] 1#1: getrlimit(RLIMIT_NOFILE): 1048576:1048576
2025/03/17 07:07:04 [notice] 1#1: start worker processes
2025/03/17 07:07:04 [notice] 1#1: start worker process 28
2025/03/17 07:07:04 [notice] 1#1: start worker process 29
2025/03/17 07:07:04 [notice] 1#1: start worker process 30
2025/03/17 07:07:04 [notice] 1#1: start worker process 31
2025/03/17 07:07:04 [notice] 1#1: start worker process 32
2025/03/17 07:07:04 [notice] 1#1: start worker process 33
2025/03/17 07:07:04 [notice] 1#1: start worker process 34
2025/03/17 07:07:04 [notice] 1#1: start worker process 35
2025/03/17 07:07:04 [notice] 1#1: start worker process 36
2025/03/17 07:07:04 [notice] 1#1: start worker process 37
